#! /c/Source/iverilog-install/bin/vvp
:ivl_version "12.0 (devel)" "(s20150603-1110-g18392a46)";
:ivl_delay_selection "TYPICAL";
:vpi_time_precision + 0;
:vpi_module "C:\iverilog\lib\ivl\system.vpi";
:vpi_module "C:\iverilog\lib\ivl\vhdl_sys.vpi";
:vpi_module "C:\iverilog\lib\ivl\vhdl_textio.vpi";
:vpi_module "C:\iverilog\lib\ivl\v2005_math.vpi";
:vpi_module "C:\iverilog\lib\ivl\va_math.vpi";
S_00000233a9cd8140 .scope module, "test_full_subtractor_gate" "test_full_subtractor_gate" 2 1;
 .timescale 0 0;
v00000233a9b537b0_0 .var "A", 0 0;
v00000233a9b54070_0 .var "B", 0 0;
v00000233a9b53d50_0 .var "Bin", 0 0;
v00000233a9b53df0_0 .net "Bout", 0 0, L_00000233a9b9ecf0;  1 drivers
v00000233a9b53fd0_0 .net "D", 0 0, L_00000233a9b9e9e0;  1 drivers
S_00000233a9cdc800 .scope module, "uut" "full_subtractor_gate" 2 4, 3 1 0, S_00000233a9cd8140;
 .timescale 0 0;
    .port_info 0 /INPUT 1 "A";
    .port_info 1 /INPUT 1 "B";
    .port_info 2 /INPUT 1 "Bin";
    .port_info 3 /OUTPUT 1 "D";
    .port_info 4 /OUTPUT 1 "Bout";
L_00000233a9b54f00 .functor XOR 1, v00000233a9b537b0_0, v00000233a9b54070_0, C4<0>, C4<0>;
L_00000233a9b9e9e0 .functor XOR 1, L_00000233a9b54f00, v00000233a9b53d50_0, C4<0>, C4<0>;
L_00000233a9b9e890 .functor NOT 1, v00000233a9b537b0_0, C4<0>, C4<0>, C4<0>;
L_00000233a9b9ec80 .functor AND 1, L_00000233a9b9ec80, v00000233a9b54070_0, C4<1>, C4<1>;
L_00000233a9b9ea50 .functor NOT 1, L_00000233a9b54f00, C4<0>, C4<0>, C4<0>;
L_00000233a9b9e900 .functor AND 1, L_00000233a9b9ea50, v00000233a9b53d50_0, C4<1>, C4<1>;
L_00000233a9b9ecf0 .functor OR 1, L_00000233a9b9ec80, L_00000233a9b9e900, C4<0>, C4<0>;
v00000233a9b23230_0 .net "A", 0 0, v00000233a9b537b0_0;  1 drivers
v00000233a9cdaef0_0 .net "B", 0 0, v00000233a9b54070_0;  1 drivers
v00000233a9cdc990_0 .net "Bin", 0 0, v00000233a9b53d50_0;  1 drivers
v00000233a9cdca30_0 .net "Bout", 0 0, L_00000233a9b9ecf0;  alias, 1 drivers
v00000233a9cdcad0_0 .net "D", 0 0, L_00000233a9b9e9e0;  alias, 1 drivers
v00000233a9cdcb70_0 .net "w1", 0 0, L_00000233a9b54f00;  1 drivers
v00000233a9cdcc10_0 .net "w2", 0 0, L_00000233a9b9e890;  1 drivers
v00000233a9b22b80_0 .net "w3", 0 0, L_00000233a9b9ec80;  1 drivers
v00000233a9b22c20_0 .net "w4", 0 0, L_00000233a9b9ea50;  1 drivers
v00000233a9b22cc0_0 .net "w5", 0 0, L_00000233a9b9e900;  1 drivers
    .scope S_00000233a9cd8140;
T_0 ;
    %vpi_call 2 6 "$display", "A B Bin | D Bout" {0 0 0};
    %vpi_call 2 7 "$display", "-------- |--------" {0 0 0};
    %vpi_call 2 8 "$monitor", "%b %b %b | %b %b", v00000233a9b537b0_0, v00000233a9b54070_0, v00000233a9b53d50_0, v00000233a9b53fd0_0, v00000233a9b53df0_0 {0 0 0};
    %pushi/vec4 0, 0, 1;
    %store/vec4 v00000233a9b537b0_0, 0, 1;
    %pushi/vec4 0, 0, 1;
    %store/vec4 v00000233a9b54070_0, 0, 1;
    %pushi/vec4 0, 0, 1;
    %store/vec4 v00000233a9b53d50_0, 0, 1;
    %delay 10, 0;
    %pushi/vec4 0, 0, 1;
    %store/vec4 v00000233a9b537b0_0, 0, 1;
    %pushi/vec4 0, 0, 1;
    %store/vec4 v00000233a9b54070_0, 0, 1;
    %pushi/vec4 1, 0, 1;
    %store/vec4 v00000233a9b53d50_0, 0, 1;
    %delay 10, 0;
    %pushi/vec4 0, 0, 1;
    %store/vec4 v00000233a9b537b0_0, 0, 1;
    %pushi/vec4 1, 0, 1;
    %store/vec4 v00000233a9b54070_0, 0, 1;
    %pushi/vec4 0, 0, 1;
    %store/vec4 v00000233a9b53d50_0, 0, 1;
    %delay 10, 0;
    %pushi/vec4 0, 0, 1;
    %store/vec4 v00000233a9b537b0_0, 0, 1;
    %pushi/vec4 1, 0, 1;
    %store/vec4 v00000233a9b54070_0, 0, 1;
    %pushi/vec4 1, 0, 1;
    %store/vec4 v00000233a9b53d50_0, 0, 1;
    %delay 10, 0;
    %pushi/vec4 1, 0, 1;
    %store/vec4 v00000233a9b537b0_0, 0, 1;
    %pushi/vec4 0, 0, 1;
    %store/vec4 v00000233a9b54070_0, 0, 1;
    %pushi/vec4 0, 0, 1;
    %store/vec4 v00000233a9b53d50_0, 0, 1;
    %delay 10, 0;
    %pushi/vec4 1, 0, 1;
    %store/vec4 v00000233a9b537b0_0, 0, 1;
    %pushi/vec4 0, 0, 1;
    %store/vec4 v00000233a9b54070_0, 0, 1;
    %pushi/vec4 1, 0, 1;
    %store/vec4 v00000233a9b53d50_0, 0, 1;
    %delay 10, 0;
    %pushi/vec4 1, 0, 1;
    %store/vec4 v00000233a9b537b0_0, 0, 1;
    %pushi/vec4 1, 0, 1;
    %store/vec4 v00000233a9b54070_0, 0, 1;
    %pushi/vec4 0, 0, 1;
    %store/vec4 v00000233a9b53d50_0, 0, 1;
    %delay 10, 0;
    %pushi/vec4 1, 0, 1;
    %store/vec4 v00000233a9b537b0_0, 0, 1;
    %pushi/vec4 1, 0, 1;
    %store/vec4 v00000233a9b54070_0, 0, 1;
    %pushi/vec4 1, 0, 1;
    %store/vec4 v00000233a9b53d50_0, 0, 1;
    %delay 10, 0;
    %vpi_call 2 19 "$finish" {0 0 0};
    %end;
    .thread T_0;
# The file index is used to find the file name in the following table.
:file_names 4;
    "N/A";
    "<interactive>";
    "fullsubtractor_tb.v";
    "fullsubtractor.v";
